SF:lib/core/injection_container.dart
DA:17,9
DA:19,0
DA:20,0
DA:21,0
DA:22,0
DA:23,0
DA:24,0
DA:25,0
DA:26,0
DA:27,0
DA:28,0
DA:29,0
LF:12
LH:1
end_of_record
SF:lib/features/pokemon/domain/models/pokemon_model.dart
DA:11,3
DA:13,0
DA:15,0
LF:3
LH:1
end_of_record
SF:lib/features/pokemon/domain/models/pokemon_model.g.dart
DA:9,0
DA:10,0
DA:11,0
DA:12,0
DA:15,0
DA:16,0
DA:17,0
DA:18,0
LF:8
LH:0
end_of_record
SF:lib/features/pokemon/domain/models/pokemon_result_model.dart
DA:12,2
DA:17,0
DA:19,0
LF:3
LH:1
end_of_record
SF:lib/features/pokemon/domain/models/pokemon_result_model.g.dart
DA:9,0
DA:10,0
DA:11,0
DA:12,0
DA:13,0
DA:14,0
DA:17,0
DA:18,0
DA:19,0
DA:20,0
LF:10
LH:0
end_of_record
SF:lib/features/pokemon/domain/usecase/get_pokemon_list_use_case.dart
DA:10,1
DA:13,1
DA:14,4
DA:15,2
DA:16,0
DA:17,1
DA:18,2
DA:27,9
LF:8
LH:7
end_of_record
SF:lib/features/pokemon/presentation/bloc/pokemon_state.dart
DA:6,8
DA:24,3
LF:2
LH:2
end_of_record
SF:lib/features/pokemon_details/domain/model/pokemon_details_model.dart
DA:19,4
DA:30,0
DA:32,0
DA:39,4
DA:41,0
DA:43,0
DA:50,4
DA:52,0
DA:54,0
DA:61,4
DA:63,0
DA:65,0
DA:73,4
DA:75,0
DA:77,0
LF:15
LH:5
end_of_record
SF:lib/features/pokemon_details/domain/model/pokemon_details_model.g.dart
DA:9,0
DA:10,0
DA:11,0
DA:12,0
DA:13,0
DA:14,0
DA:15,0
DA:17,0
DA:18,0
DA:20,0
DA:21,0
DA:23,0
DA:24,0
DA:25,0
DA:26,0
DA:29,0
DA:30,0
DA:31,0
DA:32,0
DA:33,0
DA:34,0
DA:35,0
DA:36,0
DA:37,0
DA:38,0
DA:41,0
DA:42,0
DA:45,0
DA:46,0
DA:49,0
DA:50,0
DA:53,0
DA:54,0
DA:57,0
DA:58,0
DA:61,0
DA:62,0
DA:65,0
DA:66,0
DA:67,0
DA:70,0
DA:71,0
DA:72,0
LF:43
LH:0
end_of_record
SF:lib/features/pokemon_details/domain/usecase/get_pokemon_details_use_case.dart
DA:10,1
DA:13,1
DA:14,4
DA:15,2
DA:16,0
DA:17,1
DA:18,1
DA:27,10
LF:8
LH:7
end_of_record
SF:lib/features/pokemon_details/presentation/cubit/pokemon_details_state.dart
DA:6,8
DA:15,3
LF:2
LH:2
end_of_record
SF:lib/features/pokemon/data/repository/pokemon_repository_impl.dart
DA:10,1
DA:13,1
DA:15,1
DA:16,3
LF:4
LH:4
end_of_record
SF:lib/failures/failures.dart
DA:6,15
DA:8,0
DA:9,0
DA:11,0
DA:13,0
DA:18,0
DA:22,15
LF:7
LH:2
end_of_record
SF:lib/core/app_theme.dart
DA:4,0
LF:1
LH:0
end_of_record
SF:lib/features/pokemon/data/datasource/pokemon_remote_data_source_impl.dart
DA:9,0
DA:12,0
DA:13,0
DA:14,0
LF:4
LH:0
end_of_record
SF:lib/features/pokemon/presentation/bloc/pokemon_bloc.dart
DA:12,3
DA:13,2
DA:14,2
DA:15,2
DA:16,2
DA:17,2
DA:18,2
DA:21,1
DA:22,4
DA:23,2
DA:24,4
DA:25,1
DA:26,3
DA:27,3
DA:29,4
DA:37,0
DA:38,0
DA:39,0
DA:40,0
DA:41,0
DA:43,0
DA:44,0
DA:45,0
DA:47,0
DA:54,0
DA:55,0
DA:56,0
DA:59,0
DA:60,0
DA:63,1
DA:64,4
DA:65,2
DA:68,1
DA:69,7
DA:70,2
DA:71,4
DA:74,1
DA:75,7
LF:38
LH:24
end_of_record
SF:lib/features/pokemon_details/data/datasource/pokemon_details_remote_data_source_impl.dart
DA:9,0
DA:12,0
DA:13,0
DA:14,0
LF:4
LH:0
end_of_record
SF:lib/features/pokemon_details/data/repository/pokemon_details_repository_impl.dart
DA:10,1
DA:13,1
DA:15,1
DA:16,3
LF:4
LH:4
end_of_record
SF:lib/features/pokemon_details/presentation/cubit/pokemon_details_cubit.dart
DA:7,6
DA:9,2
DA:10,8
DA:11,10
DA:12,2
DA:13,0
DA:14,2
DA:15,8
LF:8
LH:7
end_of_record
SF:lib/network/dio_client.dart
DA:8,0
DA:9,0
DA:10,0
DA:11,0
DA:12,0
DA:13,0
DA:16,0
DA:24,0
LF:8
LH:0
end_of_record
SF:lib/core/keyboard_util.dart
DA:3,0
DA:4,0
LF:2
LH:0
end_of_record
SF:lib/core/usecase.dart
DA:9,0
LF:1
LH:0
end_of_record
SF:lib/core/widgets/base_cached_network_image_widget.dart
DA:8,2
DA:10,1
DA:12,1
DA:13,1
DA:14,1
DA:15,1
DA:16,1
DA:17,0
DA:18,2
LF:9
LH:8
end_of_record
SF:lib/network/endpoints.dart
DA:2,0
DA:13,1
DA:14,1
DA:17,0
DA:19,0
DA:20,0
DA:22,0
DA:24,0
DA:25,0
DA:26,0
DA:28,0
DA:29,0
DA:30,0
LF:13
LH:2
end_of_record
SF:lib/core/widgets/base_error_widget.dart
DA:6,0
DA:9,0
DA:11,0
DA:13,0
DA:14,0
DA:19,0
DA:20,0
DA:21,0
LF:8
LH:0
end_of_record
SF:lib/features/pokemon/presentation/bloc/pokemon_event.dart
DA:6,1
DA:10,1
DA:20,0
LF:3
LH:2
end_of_record
SF:lib/features/pokemon_details/presentation/page/pokemon_details_page.dart
DA:13,1
DA:16,0
DA:18,1
DA:19,1
DA:23,1
DA:25,1
DA:26,1
DA:29,1
DA:31,1
DA:32,1
DA:33,1
DA:34,1
DA:35,1
DA:37,4
DA:43,0
DA:44,0
DA:47,1
DA:48,2
DA:49,1
DA:50,1
DA:52,1
DA:54,1
DA:55,1
DA:56,1
DA:58,1
DA:59,1
DA:60,3
DA:64,1
DA:66,1
DA:67,0
DA:68,0
DA:75,1
DA:77,1
DA:87,1
DA:88,1
DA:90,1
DA:92,3
DA:93,4
DA:94,4
DA:95,4
DA:96,4
DA:97,4
DA:98,1
DA:99,4
DA:109,1
DA:110,1
DA:112,1
DA:113,1
DA:114,1
DA:118,1
DA:119,3
DA:120,1
DA:121,1
DA:122,1
DA:130,1
DA:131,1
DA:133,2
DA:139,1
DA:140,1
DA:149,1
DA:150,2
DA:151,3
LF:62
LH:57
end_of_record
